<?xml version="1.0" encoding="UTF-8"?>
<!-- Generated by org.testng.reporters.JUnitXMLReporter -->
<testsuite ignored="0" hostname="LAPTOP-NGNI4STN" failures="0" tests="3" name="Default test" time="77.869" errors="0" timestamp="2024-02-19T18:19:48 IST">
  <testcase classname="ebay.EbayLoginaAndAdditemsToCart" name="login" time="9.38"/>
  <testcase classname="ebay.EbayLoginaAndAdditemsToCart" name="searchAndAddItems" time="61.648"/>
  <testcase classname="ebay.EbayLoginaAndAdditemsToCart" name="test" time="0.009"/>
</testsuite> <!-- Default test -->
