<?xml version="1.0" encoding="UTF-8"?>
<testng-results ignored="0" total="3" passed="3" failed="0" skipped="0">
  <reporter-output>
  </reporter-output>
  <suite started-at="2024-02-19T18:18:30 IST" name="Default suite" finished-at="2024-02-19T18:19:48 IST" duration-ms="77869">
    <groups>
    </groups>
    <test started-at="2024-02-19T18:18:30 IST" name="Default test" finished-at="2024-02-19T18:19:48 IST" duration-ms="77869">
      <class name="ebay.EbayLoginaAndAdditemsToCart">
        <test-method is-config="true" signature="beforeTest()[pri:0, instance:ebay.EbayLoginaAndAdditemsToCart@75d4a5c2]" started-at="2024-02-19T18:18:30 IST" name="beforeTest" finished-at="2024-02-19T18:18:37 IST" duration-ms="6725" status="PASS">
          <reporter-output>
          </reporter-output>
        </test-method> <!-- beforeTest -->
        <test-method signature="login()[pri:0, instance:ebay.EbayLoginaAndAdditemsToCart@75d4a5c2]" started-at="2024-02-19T18:18:37 IST" name="login" finished-at="2024-02-19T18:18:46 IST" duration-ms="9380" status="PASS">
          <reporter-output>
          </reporter-output>
        </test-method> <!-- login -->
        <test-method signature="searchAndAddItems()[pri:1, instance:ebay.EbayLoginaAndAdditemsToCart@75d4a5c2]" started-at="2024-02-19T18:18:46 IST" name="searchAndAddItems" finished-at="2024-02-19T18:19:48 IST" duration-ms="61648" status="PASS">
          <reporter-output>
          </reporter-output>
        </test-method> <!-- searchAndAddItems -->
        <test-method signature="test()[pri:2, instance:ebay.EbayLoginaAndAdditemsToCart@75d4a5c2]" started-at="2024-02-19T18:19:48 IST" name="test" finished-at="2024-02-19T18:19:48 IST" duration-ms="9" status="PASS">
          <reporter-output>
          </reporter-output>
        </test-method> <!-- test -->
      </class> <!-- ebay.EbayLoginaAndAdditemsToCart -->
    </test> <!-- Default test -->
  </suite> <!-- Default suite -->
</testng-results>
